,,,
,,,
,,,
,,,
,,,
,,,
,,,
,,,
,,,
,,,
,,,
,,,
,,,
"Survey Date","Livingston","Blue Chip","Combined"
"1979:4","-2146826246",6.9,6.9
"1980:1","-2146826246","-2146826246","-2146826246"
"1980:2","-2146826246",7.85,7.85
"1980:3","-2146826246","-2146826246","-2146826246"
"1980:4","-2146826246",8.25,8.25
"1981:1","-2146826246","-2146826246","-2146826246"
"1981:2","-2146826246",7.8,7.8
"1981:3","-2146826246","-2146826246","-2146826246"
"1981:4","-2146826246",7.05,7.05
"1982:1","-2146826246","-2146826246","-2146826246"
"1982:2","-2146826246",5.7,5.7
"1982:3","-2146826246","-2146826246","-2146826246"
"1982:4","-2146826246",5.65,5.65
"1983:1","-2146826246",5.3,5.3
"1983:2","-2146826246","-2146826246","-2146826246"
"1983:3","-2146826246","-2146826246","-2146826246"
"1983:4","-2146826246",5.2,5.2
"1984:1","-2146826246",5.6,5.6
"1984:2","-2146826246","-2146826246","-2146826246"
"1984:3","-2146826246","-2146826246","-2146826246"
"1984:4","-2146826246",5.2,5.2
"1985:1","-2146826246",4.35,4.35
"1985:2","-2146826246","-2146826246","-2146826246"
"1985:3","-2146826246","-2146826246","-2146826246"
"1985:4","-2146826246",4.55,4.55
"1986:1","-2146826246",4,4
"1986:2","-2146826246","-2146826246","-2146826246"
"1986:3","-2146826246","-2146826246","-2146826246"
"1986:4","-2146826246",4,4
"1987:1","-2146826246",4.2,4.2
"1987:2","-2146826246","-2146826246","-2146826246"
"1987:3","-2146826246","-2146826246","-2146826246"
"1987:4","-2146826246",4.5,4.5
"1988:1","-2146826246",4.3,4.3
"1988:2","-2146826246","-2146826246","-2146826246"
"1988:3","-2146826246","-2146826246","-2146826246"
"1988:4","-2146826246",4.35,4.35
"1989:1","-2146826246",4.25,4.25
"1989:2","-2146826246","-2146826246","-2146826246"
"1989:3","-2146826246","-2146826246","-2146826246"
"1989:4","-2146826246",4.2,4.2
"1990:1","-2146826246",3.95,3.95
"1990:2",4.21,"-2146826246",4.21
"1990:3","-2146826246","-2146826246","-2146826246"
"1990:4","-2146826246",4.15,4.15
"1991:1","-2146826246",4.05,4.05
"1991:2",4.08,"-2146826246",4.08
"1991:3","-2146826246","-2146826246","-2146826246"
"1991:4",3.91,"-2146826246",
"1992:1","-2146826246","-2146826246",
"1992:2",4,"-2146826246",
"1992:3","-2146826246","-2146826246",
"1992:4",3.85,"-2146826246",
"1993:1","-2146826246","-2146826246",
"1993:2",3.8,"-2146826246",
"1993:3","-2146826246","-2146826246",
"1993:4",3.6,"-2146826246",
"1994:1","-2146826246","-2146826246",
"1994:2",3.5,"-2146826246",
"1994:3","-2146826246","-2146826246",
"1994:4",3.4,"-2146826246",
"1995:1","-2146826246","-2146826246",
"1995:2",3.4,"-2146826246",
"1995:3","-2146826246","-2146826246",
"1995:4",3,"-2146826246",
"1996:1","-2146826246","-2146826246",
"1996:2",3.1,"-2146826246",
"1996:3","-2146826246","-2146826246",
"1996:4",3,"-2146826246",
"1997:1","-2146826246","-2146826246",
"1997:2",2.9,"-2146826246",
"1997:3","-2146826246","-2146826246",
"1997:4",2.8,"-2146826246",
"1998:1","-2146826246","-2146826246",
"1998:2",2.7,"-2146826246",
"1998:3","-2146826246","-2146826246",
"1998:4",2.5,"-2146826246",
"1999:1","-2146826246","-2146826246",
"1999:2",2.6,"-2146826246",
"1999:3","-2146826246","-2146826246",
"1999:4",2.5,"-2146826246",
"2000:1","-2146826246","-2146826246",
"2000:2",2.5,"-2146826246",
"2000:3","-2146826246","-2146826246",
"2000:4",2.6,"-2146826246",
"2001:1","-2146826246","-2146826246",
"2001:2",2.6,"-2146826246",
"2001:3","-2146826246","-2146826246",
"2001:4",2.5,"-2146826246",
"2002:1","-2146826246","-2146826246",
"2002:2",2.5,"-2146826246",
"2002:3","-2146826246","-2146826246",
"2002:4",2.5,"-2146826246",
"2003:1","-2146826246","-2146826246",
"2003:2",2.5,"-2146826246",
"2003:3","-2146826246","-2146826246",
"2003:4",2.5,"-2146826246",
"2004:1","-2146826246","-2146826246",
"2004:2",2.5,"-2146826246",
"2004:3","-2146826246","-2146826246",
"2004:4",2.5,"-2146826246",
"2005:1","-2146826246","-2146826246",
"2005:2",2.5,"-2146826246",
"2005:3","-2146826246","-2146826246",
"2005:4",2.5,"-2146826246",
"2006:1","-2146826246","-2146826246",
"2006:2",2.5,"-2146826246",
"2006:3","-2146826246","-2146826246",
"2006:4",2.5,"-2146826246",
"2007:1","-2146826246","-2146826246",
"2007:2",2.5,"-2146826246",
"2007:3","-2146826246","-2146826246",
"2007:4",2.5,"-2146826246",
"2008:1","-2146826246","-2146826246",
"2008:2",2.5,"-2146826246",
"2008:3","-2146826246","-2146826246",
"2008:4",2.5,"-2146826246",
"2009:1","-2146826246","-2146826246",
"2009:2",2.5,"-2146826246",
"2009:3","-2146826246","-2146826246",
"2009:4",2.4,"-2146826246",
"2010:1","-2146826246","-2146826246",
"2010:2",2.3,"-2146826246",
"2010:3","-2146826246","-2146826246",
"2010:4",2.5,"-2146826246",
"2011:1","-2146826246","-2146826246",
"2011:2",2.4,"-2146826246",
"2011:3","-2146826246","-2146826246",
"2011:4",2.5,"-2146826246",
"2012:1","-2146826246","-2146826246",
"2012:2",2.5,"-2146826246",
"2012:3","-2146826246","-2146826246",
"2012:4",2.5,"-2146826246",
"2013:1","-2146826246","-2146826246",
"2013:2",2.5,"-2146826246",
"2013:3","-2146826246","-2146826246",
"2013:4",2.3,"-2146826246",
"2014:1","-2146826246","-2146826246",
"2014:2",2.3,"-2146826246",
"2014:3","-2146826246","-2146826246",
"2014:4",2.3,"-2146826246",
"2015:1","-2146826246","-2146826246",
"2015:2",2.2,"-2146826246",
"2015:3","-2146826246","-2146826246",
"2015:4",2.3,"-2146826246",
"2016:1","-2146826246","-2146826246",
"2016:2",2.3,"-2146826246",
"2016:3","-2146826246","-2146826246",
"2016:4",2.3,"-2146826246",
"2017:1","-2146826246","-2146826246",
"2017:2",2.32,"-2146826246",
"2017:3","-2146826246","-2146826246",
"2017:4",2.34,"-2146826246",
"2018:1","-2146826246","-2146826246",
"2018:2",2.28,"-2146826246",
"2018:3","-2146826246","-2146826246",
"2018:4",2.23,"-2146826246",
"2019:1","-2146826246","-2146826246",
"2019:2",2.26,"-2146826246",
"2019:3","-2146826246","-2146826246",
"2019:4",2.22,"-2146826246",
"2020:1","-2146826246","-2146826246",
