"observation_date","Yield 10Y","Return M","Cum Ret"
"12/31/1946 12:00:00 AM",1.799,,100
"1/31/1947 12:00:00 AM",1.796,0.00177056736423015,100.177056736423
"2/28/1947 12:00:00 AM",1.79,0.00203963149732252,100.381381016652
"3/31/1947 12:00:00 AM",1.776,0.00275947505356022,100.658380933409
"4/30/1947 12:00:00 AM",1.789,0.000303517167169883,100.688932480042
"5/31/1947 12:00:00 AM",1.779,0.00239627440605828,100.930210791917
"6/30/1947 12:00:00 AM",1.822,-0.00240250685391957,100.687725268722
"7/31/1947 12:00:00 AM",1.805,0.00305557638884451,100.9953843047
"8/31/1947 12:00:00 AM",1.781,0.00367700712561672,101.366745052442
"9/30/1947 12:00:00 AM",1.822,-0.00222014219404738,101.141696464678
"10/31/1947 12:00:00 AM",1.925,-0.00773972441725186,100.358887606948
"11/30/1947 12:00:00 AM",2.026,-0.00742840799296869,99.6133808440833
"12/31/1947 12:00:00 AM",2.173,-0.011362095334352,98.4815641143557
"1/31/1948 12:00:00 AM",2.176,0.00154453782244336,98.6336726149437
"2/29/1948 12:00:00 AM",2.162,0.00305691211422621,98.935187083631
"3/31/1948 12:00:00 AM",2.141,0.00366898664651557,99.2981789639114
"4/30/1948 12:00:00 AM",2.133,0.00249581020549236,99.5460083723563
"5/31/1948 12:00:00 AM",2.046,0.00955027033512158,100.496699663095
"6/30/1948 12:00:00 AM",2.143,-0.00691938071075677,99.801324737951
"7/31/1948 12:00:00 AM",2.176,-0.00114341728645621,99.6872101780344
"8/31/1948 12:00:00 AM",2.191,0.000482849347127945,99.7353440823859
"9/30/1948 12:00:00 AM",2.187,0.00218069968924053,99.9528369162327
"10/31/1948 12:00:00 AM",2.211,-0.000304157387902076,99.9224355224429
"11/30/1948 12:00:00 AM",2.173,0.00521608019980982,100.443638959888
"12/31/1948 12:00:00 AM",2.148,0.00403305839838987,100.84873402156
"1/31/1949 12:00:00 AM",2.111,0.00508496155635267,101.361545957067
"2/28/1949 12:00:00 AM",2.096,0.00309596110273804,101.675357360663
"3/31/1949 12:00:00 AM",2.065,0.00451364986620872,102.134284323811
"4/30/1949 12:00:00 AM",2.067,0.00154233609919435,102.291809717489
"5/31/1949 12:00:00 AM",2.055,0.00279412482780798,102.577625802702
"6/30/1949 12:00:00 AM",1.967,0.00960569890911999,103.562955590975
"7/31/1949 12:00:00 AM",1.945,0.0036146383995446,103.937298227025
"8/31/1949 12:00:00 AM",1.876,0.00783806571050031,104.7519656003
"9/30/1949 12:00:00 AM",1.888,0.000482725148867907,104.802532008488
"10/31/1949 12:00:00 AM",1.887,0.00166338852486194,104.976859337608
"11/30/1949 12:00:00 AM",1.882,0.00202288871891046,105.189215842109
"12/31/1949 12:00:00 AM",1.841,0.00526911529684487,105.743469948365
"1/31/1950 12:00:00 AM",1.932,-0.00664241821901885,105.041077597038
"2/28/1950 12:00:00 AM",1.96,-0.000902351484648234,104.946293624719
"3/31/1950 12:00:00 AM",1.99,-0.00105443841581669,104.835634221124
"4/30/1950 12:00:00 AM",2.02,-0.00102541357596884,104.728134338548
"5/31/1950 12:00:00 AM",2.038,7.45316664222029E-05,104.735939900922
"6/30/1950 12:00:00 AM",2.083,-0.00231465049957505,104.493512805307
"7/31/1950 12:00:00 AM",2.074,0.00253879045324663,104.758799938043
"8/31/1950 12:00:00 AM",2.082,0.00101487840489278,104.865117381822
"9/30/1950 12:00:00 AM",2.125,-0.00209160894703712,104.645780564075
"10/31/1950 12:00:00 AM",2.176,-0.00275619035179603,104.357356873328
"11/30/1950 12:00:00 AM",2.198,-0.000137363666510959,104.34302196416
"12/31/1950 12:00:00 AM",2.194,0.00218640943974545,104.571158532354
"1/31/1951 12:00:00 AM",2.155,0.00529379617252813,105.12473693115
"2/28/1951 12:00:00 AM",2.214,-0.0034314194066013,104.76400986873
"3/31/1951 12:00:00 AM",2.29,-0.00486302752626609,104.254539604977
"4/30/1951 12:00:00 AM",2.375,-0.00556249546563121,103.674624201152
"5/31/1951 12:00:00 AM",2.535,-0.0119726700932523,102.43336212855
"6/30/1951 12:00:00 AM",2.478,0.00709686552381909,103.160317924729
"7/31/1951 12:00:00 AM",2.368,0.0117364867278584,104.371057626894
"8/31/1951 12:00:00 AM",2.33,0.00532069474170344,104.926384164396
"9/30/1951 12:00:00 AM",2.412,-0.00525228541068641,104.375280847653
"10/31/1951 12:00:00 AM",2.491,-0.00489371600644413,103.864497865092
"11/30/1951 12:00:00 AM",2.508,0.000591471586645355,103.92593076444
"12/31/1951 12:00:00 AM",2.513,0.00165353089284122,104.097775501526
"1/31/1952 12:00:00 AM",2.463,0.00646966257571429,104.771252983904
"2/29/1952 12:00:00 AM",2.617,-0.0113219026238196,103.585043059844
"3/31/1952 12:00:00 AM",2.505,0.0119616080597551,104.824086745779
"4/30/1952 12:00:00 AM",2.422,0.00936557799589741,105.805824906045
"5/31/1952 12:00:00 AM",2.384,0.00535674381379901,106.372599604075
"6/30/1952 12:00:00 AM",2.415,-0.000732594086706032,106.294671666617
"7/31/1952 12:00:00 AM",2.466,-0.00244984347549868,106.034266358755
"8/31/1952 12:00:00 AM",2.552,-0.00543781824713444,105.457671290327
"9/30/1952 12:00:00 AM",2.685,-0.00938531209664278,104.467918132283
"10/31/1952 12:00:00 AM",2.528,0.0159324750913722,106.132350635773
"11/30/1952 12:00:00 AM",2.51,0.00367818845069175,106.522725422126
"12/31/1952 12:00:00 AM",2.547,-0.00113278379684106,106.402058204772
"1/31/1953 12:00:00 AM",2.64,-0.00594509601297147,105.769487752767
"2/28/1953 12:00:00 AM",2.71,-0.00385148349267848,105.362118316658
"3/31/1953 12:00:00 AM",2.735,9.97462356483168E-05,105.37262779134
"4/30/1953 12:00:00 AM",2.986,-0.019127794821887,103.357081787105
"5/31/1953 12:00:00 AM",3.289,-0.02297441301021,100.982513502598
"6/30/1953 12:00:00 AM",2.987,0.0284961561639242,103.860126977193
"7/31/1953 12:00:00 AM",2.972,0.00376934399233499,104.251611522858
"8/31/1953 12:00:00 AM",3.073,-0.00610072991265155,103.615600597998
"9/30/1953 12:00:00 AM",2.636,0.0404773351430587,107.809683989453
"10/31/1953 12:00:00 AM",2.693,-0.00273509539719303,107.514814219
"11/30/1953 12:00:00 AM",2.736,-0.00146842050616119,107.356937261085
"12/31/1953 12:00:00 AM",2.469,0.0256382136752615,110.109377358106
"1/31/1954 12:00:00 AM",2.48,0.00109570004174682,110.230024207474
"2/28/1954 12:00:00 AM",2.454,0.00434293797645192,110.70874636575
"3/31/1954 12:00:00 AM",2.41,0.00590555180768441,111.362542602977
"4/30/1954 12:00:00 AM",2.327,0.00932076369435392,112.400526546982
"5/31/1954 12:00:00 AM",2.499,-0.0130857646427095,110.929679710871
"6/30/1954 12:00:00 AM",2.416,0.00936274081336276,111.968285550514
"7/31/1954 12:00:00 AM",2.378,0.00535273667748251,112.567622299295
"8/31/1954 12:00:00 AM",2.445,-0.00388672260774724,112.130103176804
"9/30/1954 12:00:00 AM",2.446,0.0019499164352805,112.348747507878
"10/31/1954 12:00:00 AM",2.431,0.00335306263789323,112.725459895561
"11/30/1954 12:00:00 AM",2.485,-0.00269456272399499,112.421714073281
"12/31/1954 12:00:00 AM",2.494,0.0012844506966375,112.566114222239
"1/31/1955 12:00:00 AM",2.634,-0.0100700274003023,111.432570367676
"2/28/1955 12:00:00 AM",2.699,-0.00342727813368255,111.050659955875
"3/31/1955 12:00:00 AM",2.686,0.00337434226400249,111.425382891209
"4/30/1955 12:00:00 AM",2.749,-0.00319756171740249,111.069093352529
"5/31/1955 12:00:00 AM",2.717,0.00505627291371489,111.630689000799
"6/30/1955 12:00:00 AM",2.843,-0.00855753117858788,110.675405899187
"7/31/1955 12:00:00 AM",2.972,-0.00864035833408159,109.719130733448
"8/31/1955 12:00:00 AM",2.95,0.00435628353003657,110.197098375592
"9/30/1955 12:00:00 AM",2.878,0.00863155088244937,111.148270237319
"10/31/1955 12:00:00 AM",2.797,0.00937087105483952,112.189826345682
"11/30/1955 12:00:00 AM",2.888,-0.00546760246251716,111.576416974885
"12/31/1955 12:00:00 AM",2.919,-0.000245909472639473,111.548979277027
"1/31/1956 12:00:00 AM",2.807,0.012068804960299,112.895242151442
"2/29/1956 12:00:00 AM",2.832,0.000190844712467771,112.91678761147
"3/31/1956 12:00:00 AM",3.07,-0.0178550450453992,110.900653282285
"4/30/1956 12:00:00 AM",3.064,0.00306810571006666,111.240908209871
"5/31/1956 12:00:00 AM",2.896,0.0169447995007567,113.125863095769
"6/30/1956 12:00:00 AM",2.966,-0.00356258242464329,112.722842884131
"7/31/1956 12:00:00 AM",3.193,-0.0166937241331233,110.841078841522
"8/31/1956 12:00:00 AM",3.415,-0.0158812482594324,109.080784151097
"9/30/1956 12:00:00 AM",3.342,0.00896464300019918,110.058654439193
"10/31/1956 12:00:00 AM",3.472,-0.00804302286175011,109.173450165405
"11/30/1956 12:00:00 AM",3.5,0.000564303536152252,109.235057129387
"12/31/1956 12:00:00 AM",3.714,-0.0147007479750855,107.629220084484
"1/31/1957 12:00:00 AM",3.219,0.0448344803882276,112.454720241562
"2/28/1957 12:00:00 AM",3.362,-0.00929202677434074,111.409787970177
"3/31/1957 12:00:00 AM",3.374,0.00179739641985384,111.610035524211
"4/30/1957 12:00:00 AM",3.531,-0.0102279609286298,110.468492441626
"5/31/1957 12:00:00 AM",3.679,-0.00926208027269455,109.445324397029
"6/30/1957 12:00:00 AM",3.891,-0.0142389848462443,107.886934081447
"7/31/1957 12:00:00 AM",3.887,0.00356906871033732,108.271989962131
"8/31/1957 12:00:00 AM",3.807,0.00979569669445544,109.332589536305
"9/30/1957 12:00:00 AM",4.014,-0.0136248361615537,107.842950916755
"10/31/1957 12:00:00 AM",3.919,0.0110891040795425,109.038832623716
"11/30/1957 12:00:00 AM",3.348,0.0511127156887805,114.612103474648
"12/31/1957 12:00:00 AM",3.047,0.0283848324552202,117.865348829116
"1/31/1958 12:00:00 AM",3.154,-0.00651192867958504,117.097818083747
"2/28/1958 12:00:00 AM",3.036,0.0126675839586795,118.581164525701
"3/31/1958 12:00:00 AM",2.899,0.0142641720823734,120.272626662224
"4/30/1958 12:00:00 AM",2.81,0.0100721259991144,121.48402771221
"5/31/1958 12:00:00 AM",2.898,-0.00519598126604272,120.852798980094
"6/30/1958 12:00:00 AM",2.981,-0.00466552828368144,120.28895682829
"7/31/1958 12:00:00 AM",3.168,-0.0133233097616239,118.686309795564
"8/31/1958 12:00:00 AM",3.75,-0.0451897694649253,113.32290281726
"9/30/1958 12:00:00 AM",3.745,0.00353600761668966,113.723613464767
"10/31/1958 12:00:00 AM",3.703,0.00658029020893767,114.471947844975
"11/30/1958 12:00:00 AM",3.64,0.00829081006207121,115.421013021993
"12/31/1958 12:00:00 AM",3.885,-0.0169709209737288,113.462212131289
"1/31/1959 12:00:00 AM",3.986,-0.00496930043861066,112.898384310779
"2/28/1959 12:00:00 AM",3.79,0.0193983060185172,115.088421718636
"3/31/1959 12:00:00 AM",3.97,-0.0114788656586316,113.767337186863
"4/30/1959 12:00:00 AM",4.193,-0.0146332053998698,112.102556374012
"5/31/1959 12:00:00 AM",4.177,0.00478243497215223,112.638679560082
"6/30/1959 12:00:00 AM",4.243,-0.00181657557727259,112.434062885737
"7/31/1959 12:00:00 AM",4.421,-0.0106306785430566,111.238812505909
"8/31/1959 12:00:00 AM",4.507,-0.00313246764681279,110.890360524665
"9/30/1959 12:00:00 AM",4.502,0.00415224319338751,111.350804269365
"10/31/1959 12:00:00 AM",4.503,0.00367238845163516,111.759727677045
"11/30/1959 12:00:00 AM",4.547,0.000271520834894853,111.790072771611
"12/31/1959 12:00:00 AM",4.722,-0.00994161503289832,110.678698903616
"1/31/1960 12:00:00 AM",4.65,0.00960346870861304,111.741598325247
"2/29/1960 12:00:00 AM",4.42,0.0221809124193534,114.220128931298
"3/31/1960 12:00:00 AM",4.061,0.0327494920827758,117.960780139427
"4/30/1960 12:00:00 AM",4.35,-0.0196942297597244,115.637633432725
"5/31/1960 12:00:00 AM",4.161,0.0188542940363132,117.817899375129
"6/30/1960 12:00:00 AM",4.181,0.00185747193741585,118.036742816943
"7/31/1960 12:00:00 AM",3.792,0.0353883044795173,122.21386301152
"8/31/1960 12:00:00 AM",3.836,-0.000441067218492071,122.1599584829
"9/30/1960 12:00:00 AM",3.786,0.00729863951113556,123.051559982562
"10/31/1960 12:00:00 AM",3.868,-0.00354576951152931,122.61524751283
"11/30/1960 12:00:00 AM",3.968,-0.00490922339763757,122.013301870833
"12/31/1960 12:00:00 AM",3.71,0.0245504479629553,125.008783089201
"1/31/1961 12:00:00 AM",3.824,-0.00624375450691011,124.228258936384
"2/28/1961 12:00:00 AM",3.706,0.0129046878924188,125.831385845377
"3/31/1961 12:00:00 AM",3.787,-0.00355654296026977,125.383861115868
"4/30/1961 12:00:00 AM",3.723,0.00842230858798407,126.439882686138
"5/31/1961 12:00:00 AM",3.804,-0.00353694453505305,125.992671834059
"6/30/1961 12:00:00 AM",3.875,-0.0026299356021845,125.661319220788
"7/31/1961 12:00:00 AM",3.978,-0.00514335338258904,125.014998649513
"8/31/1961 12:00:00 AM",3.98,0.00315244237465522,125.409101228724
"9/30/1961 12:00:00 AM",3.848,0.0141136401105375,127.179080150052
"10/31/1961 12:00:00 AM",3.872,0.00124584257062763,127.337525262196
"11/30/1961 12:00:00 AM",4.002,-0.00732844887197863,126.404338718828
"12/31/1961 12:00:00 AM",4.06,-0.00136115000381252,126.232283452699
"1/31/1962 12:00:00 AM",4.1,0.000150797684163523,126.25131898871
"2/28/1962 12:00:00 AM",4,0.0115367641034932,127.707850673638
"3/31/1962 12:00:00 AM",3.86,0.0147780686094069,129.595126052853
"4/30/1962 12:00:00 AM",3.86,0.00321666666666667,130.011990374989
"5/31/1962 12:00:00 AM",3.9,-4.69830950910809E-05,130.005882009282
"6/30/1962 12:00:00 AM",4,-0.00487009743682651,129.372740696537
"7/31/1962 12:00:00 AM",4.04,9.15085347056653E-05,129.384579406469
"8/31/1962 12:00:00 AM",3.96,0.0098752073558203,130.662278956753
"9/30/1962 12:00:00 AM",3.94,0.00492869624743589,131.306273640729
"10/31/1962 12:00:00 AM",3.92,0.00491359281577888,131.951459203556
"11/30/1962 12:00:00 AM",3.92,0.00326666666666667,132.382500636955
"12/31/1962 12:00:00 AM",3.85,0.00899178419547489,133.57285551394
"1/31/1963 12:00:00 AM",3.87,0.00157415629057763,133.783120064697
"2/28/1963 12:00:00 AM",3.94,-0.00247543686602606,133.451948397237
"3/31/1963 12:00:00 AM",3.95,0.00246937561328245,133.781491384154
"4/30/1963 12:00:00 AM",3.95,0.00329166666666667,134.22185545996
"5/31/1963 12:00:00 AM",3.96,0.00247809908052241,134.554470516562
"6/30/1963 12:00:00 AM",4,5.19610252693063E-05,134.561462104804
"7/31/1963 12:00:00 AM",4,0.00333333333333333,135.01000031182
"8/31/1963 12:00:00 AM",4.02,0.00171086846283423,135.240984663521
"9/30/1963 12:00:00 AM",4.07,-0.000696469269923359,135.146793473669
"10/31/1963 12:00:00 AM",4.15,-0.00305798135118531,134.733517099554
"11/30/1963 12:00:00 AM",4.08,0.00912068191289905,135.962378652025
"12/31/1963 12:00:00 AM",4.14,-0.00143954631593397,135.766654510731
"1/31/1964 12:00:00 AM",4.15,0.00264379399776842,136.125593577024
"2/29/1964 12:00:00 AM",4.18,0.00104317600664216,136.267596530133
"3/31/1964 12:00:00 AM",4.23,-0.000532342333710861,136.195055519787
"4/30/1964 12:00:00 AM",4.22,0.00432851806706891,136.78457827825
"5/31/1964 12:00:00 AM",4.19,0.00593067202244995,137.595802749747
"6/30/1964 12:00:00 AM",4.15,0.00671649067559254,138.519963675917
"7/31/1964 12:00:00 AM",4.19,0.00023965952562243,138.5531613047
"8/31/1964 12:00:00 AM",4.21,0.00188386413753849,138.814176636425
"9/30/1964 12:00:00 AM",4.18,0.00592349066002462,139.63644111521
"10/31/1964 12:00:00 AM",4.16,0.00509497576766243,140.347885398974
"11/30/1964 12:00:00 AM",4.2,0.00024952776222114,140.38290609275
"12/31/1964 12:00:00 AM",4.21,0.00269609873543591,140.761392268344
"1/31/1965 12:00:00 AM",4.19,0.00511767023718879,141.481762656101
"2/28/1965 12:00:00 AM",4.22,0.00108111246546016,141.634720353344
"3/31/1965 12:00:00 AM",4.2,0.00512523611888943,142.360631737787
"4/30/1965 12:00:00 AM",4.21,0.00269609873543591,142.744450056992
"5/31/1965 12:00:00 AM",4.23,0.00190206306651563,143.015959003395
"6/30/1965 12:00:00 AM",4.2,0.00593785417833415,143.865166913132
"7/31/1965 12:00:00 AM",4.22,0.00189296386586229,144.137498475655
"8/31/1965 12:00:00 AM",4.27,-0.000491363497288345,144.066674570313
"9/30/1965 12:00:00 AM",4.35,-0.00283015010649812,143.658944255935
"10/31/1965 12:00:00 AM",4.41,-0.00115272318409508,143.493345260289
"11/30/1965 12:00:00 AM",4.48,-0.00188052835726436,143.223501955448
"12/31/1965 12:00:00 AM",4.65,-0.00965055111755878,141.841316228591
"1/31/1966 12:00:00 AM",4.69,0.000731793270096242,141.945114749229
"2/28/1966 12:00:00 AM",5.02,-0.0216237315898991,138.875731687394
"3/31/1966 12:00:00 AM",4.71,0.0285202053433423,142.836496072326
"4/30/1966 12:00:00 AM",4.79,-0.00233184262954418,142.503423841729
"5/31/1966 12:00:00 AM",4.8,0.00320992958505278,142.96084979789
"6/30/1966 12:00:00 AM",4.97,-0.00918375853814691,141.647931872938
"7/31/1966 12:00:00 AM",5.05,-0.00203923046508985,141.359079094946
"8/31/1966 12:00:00 AM",5.36,-0.0193985031092388,138.616924559604
"9/30/1966 12:00:00 AM",5.02,0.0307724305269668,142.882504240476
"10/31/1966 12:00:00 AM",4.97,0.00806090937396466,144.034267158283
"11/30/1966 12:00:00 AM",5.12,-0.00740960688963703,142.967029860003
"12/31/1966 12:00:00 AM",4.64,0.0420743162541331,148.982269888247
"1/31/1967 12:00:00 AM",4.52,0.0133723929633369,150.974519345763
"2/28/1967 12:00:00 AM",4.72,-0.0119271357367672,149.173825760733
"3/31/1967 12:00:00 AM",4.5,0.0213770204167876,152.36271767967
"4/30/1967 12:00:00 AM",4.78,-0.0181592671720089,149.595922382272
"5/31/1967 12:00:00 AM",4.81,0.00163922607494704,149.841143918947
"6/30/1967 12:00:00 AM",5.22,-0.0274179773276604,145.732802832226
"7/31/1967 12:00:00 AM",5.16,0.00896187698893761,147.038842284462
"8/31/1967 12:00:00 AM",5.27,-0.00411180725840751,146.434246905489
"9/30/1967 12:00:00 AM",5.31,0.00133852424459089,146.63025269521
"10/31/1967 12:00:00 AM",5.64,-0.0203805259937592,143.641851018684
"11/30/1967 12:00:00 AM",5.74,-0.00278217382322181,143.242214420861
"12/31/1967 12:00:00 AM",5.7,0.00778173598987372,144.356887516089
"1/31/1968 12:00:00 AM",5.54,0.0168327412400852,146.786809649871
"2/29/1968 12:00:00 AM",5.56,0.00310772327830628,147.242982435168
"3/31/1968 12:00:00 AM",5.76,-0.0103172094802794,145.723845740883
"4/30/1968 12:00:00 AM",5.74,0.00629643476464423,146.641386429244
"5/31/1968 12:00:00 AM",5.86,-0.00414574504560053,146.033448627975
"6/30/1968 12:00:00 AM",5.64,0.0214203506625061,149.161536306041
"7/31/1968 12:00:00 AM",5.39,0.0237112221887859,152.698338635414
"8/31/1968 12:00:00 AM",5.42,0.00221349942593562,153.036336320325
"9/30/1968 12:00:00 AM",5.49,-0.000781805251793002,152.916691708875
"10/31/1968 12:00:00 AM",5.61,-0.00445772095677199,152.235031767604
"11/30/1968 12:00:00 AM",5.78,-0.00802124310781892,151.013917568269
"12/31/1968 12:00:00 AM",6.16,-0.0230721336512859,147.52970427893
"1/31/1969 12:00:00 AM",6.19,0.00293460445659034,147.962645606586
"2/28/1969 12:00:00 AM",6.26,4.43450916442619E-05,147.969207023666
"3/31/1969 12:00:00 AM",6.3,0.00229971627674043,148.309494217514
"4/30/1969 12:00:00 AM",6.2,0.0125757468460846,150.174596871665
"5/31/1969 12:00:00 AM",6.56,-0.0207772730313004,147.054378270097
"6/30/1969 12:00:00 AM",6.73,-0.00669070936000977,146.070480164975
"7/31/1969 12:00:00 AM",6.66,0.0106301842764051,147.623236286471
"8/31/1969 12:00:00 AM",6.83,-0.00655261865234141,146.655917514861
"9/30/1969 12:00:00 AM",7.51,-0.0412673247736316,140.603820136801
"10/31/1969 12:00:00 AM",6.94,0.0466371489660605,147.161181441718
"11/30/1969 12:00:00 AM",7.29,-0.0186247718671385,144.420338009667
"12/31/1969 12:00:00 AM",7.88,-0.0340069561525714,139.509041907433
"1/31/1970 12:00:00 AM",7.75,0.0154491204912042,141.664333905473
"2/28/1970 12:00:00 AM",6.9,0.0667808564912123,151.124799457938
"3/31/1970 12:00:00 AM",7.08,-0.00692126613279523,150.078824501624
"4/30/1970 12:00:00 AM",7.82,-0.04450553552662,143.399486045974
"5/31/1970 12:00:00 AM",7.95,-0.0022877563627281,143.07142295936
"6/30/1970 12:00:00 AM",7.68,0.025130400264107,146.666865084684
"7/31/1970 12:00:00 AM",7.38,0.0272374075887578,150.661690268761
"8/31/1970 12:00:00 AM",7.49,-0.00145306369224217,150.44276923682
"9/30/1970 12:00:00 AM",7.29,0.0201891553526507,153.480081676625
"10/31/1970 12:00:00 AM",7.33,0.00329047790045184,153.985104493542
"11/30/1970 12:00:00 AM",6.49,0.066836835817505,164.276981640918
"12/31/1970 12:00:00 AM",6.5,0.00468570325172478,165.046734827976
"1/31/1971 12:00:00 AM",6.09,0.0356037951971893,170.923024972756
"2/28/1971 12:00:00 AM",6.14,0.00140206147193706,171.162669560737
"3/31/1971 12:00:00 AM",5.53,0.0512034781305997,179.926793568366
"4/30/1971 12:00:00 AM",6.08,-0.0359051534717047,173.466494431622
"5/31/1971 12:00:00 AM",6.38,-0.0167308526494742,170.564252073666
"6/30/1971 12:00:00 AM",6.7,-0.0175988617176578,167.562515387445
"7/31/1971 12:00:00 AM",6.85,-0.00508582327881262,166.710322046031
"8/31/1971 12:00:00 AM",6.28,0.047312817263972,174.597857049013
"9/30/1971 12:00:00 AM",6,0.0259341930250087,179.125911575475
"10/31/1971 12:00:00 AM",5.87,0.0146687163300935,181.753458759745
"11/30/1971 12:00:00 AM",5.93,0.000441481560636542,181.83369956037
"12/31/1971 12:00:00 AM",5.89,0.00791391943449153,183.272716809166
"1/31/1972 12:00:00 AM",6.09,-0.00981709521814107,181.473511097363
"2/29/1972 12:00:00 AM",6.04,0.00876480407124342,183.064090866252
"3/31/1972 12:00:00 AM",6.12,-0.00084875079540181,182.90871507352
"4/30/1972 12:00:00 AM",6.14,0.00363082458877496,183.57282453371
"5/31/1972 12:00:00 AM",6.05,0.0117552690104221,185.730772469107
"6/30/1972 12:00:00 AM",6.15,-0.00230084972312533,185.303433872695
"7/31/1972 12:00:00 AM",6.12,0.00733078154827567,186.661852866561
"8/31/1972 12:00:00 AM",6.42,-0.0166578745619552,183.552463136008
"9/30/1972 12:00:00 AM",6.54,-0.00330582976413448,182.945669940093
"10/31/1972 12:00:00 AM",6.41,0.0148827028501322,185.66839598353
"11/30/1972 12:00:00 AM",6.28,0.0148304086157597,188.421934162998
"12/31/1972 12:00:00 AM",6.41,-0.00419936951679887,187.630680836378
"1/31/1973 12:00:00 AM",6.54,-0.00403548224447894,186.873500555343
"2/28/1973 12:00:00 AM",6.64,-0.00173057083309154,186.550102725804
"3/31/1973 12:00:00 AM",6.73,-0.000902924563142395,186.381662055796
"4/30/1973 12:00:00 AM",6.7,0.00775666411936372,187.827362006372
"5/31/1973 12:00:00 AM",6.93,-0.0107172053586901,185.814377595769
"6/30/1973 12:00:00 AM",6.94,0.00506659972574155,186.755824670334
"7/31/1973 12:00:00 AM",7.43,-0.0281753860578311,181.493907211699
"8/31/1973 12:00:00 AM",7.25,0.0187668561275685,184.899977256371
"9/30/1973 12:00:00 AM",6.9,0.0308803526728522,190.60975376325
"10/31/1973 12:00:00 AM",6.71,0.0193499444103996,194.298041902649
"11/30/1973 12:00:00 AM",6.69,0.00702453505036838,195.662895308212
"12/31/1973 12:00:00 AM",6.9,-0.00932821160371133,193.837710417782
"1/31/1974 12:00:00 AM",7,-0.00131491916975271,193.582829496533
"2/28/1974 12:00:00 AM",7.01,0.00512715873771938,194.575359392259
"3/31/1974 12:00:00 AM",7.41,-0.0219044350622397,190.313296067739
"4/30/1974 12:00:00 AM",7.66,-0.0109748141101531,188.224643020705
"5/31/1974 12:00:00 AM",7.52,0.0160470657970368,191.245096251882
"6/30/1974 12:00:00 AM",7.64,-0.0019725421321046,190.867857241967
"7/31/1974 12:00:00 AM",7.89,-0.0106097273640052,188.842801314078
"8/31/1974 12:00:00 AM",8.11,-0.00822038991766072,187.290439854132
"9/30/1974 12:00:00 AM",7.94,0.0182768798986209,190.713524729506
"10/31/1974 12:00:00 AM",7.79,0.0168475500997102,193.926580392079
"11/30/1974 12:00:00 AM",7.64,0.0167906776651306,197.182739094143
"12/31/1974 12:00:00 AM",7.4,0.0230217444841625,201.722229730256
"1/31/1975 12:00:00 AM",7.53,-0.00280281343274867,201.156839955084
"2/28/1975 12:00:00 AM",7.46,0.0111197730470271,203.393658362242
"3/31/1975 12:00:00 AM",8.01,-0.0309346172679743,197.101753386073
"4/30/1975 12:00:00 AM",8.31,-0.0133246528561406,194.475440944867
"5/31/1975 12:00:00 AM",8.04,0.0251388707575308,199.364333920294
"6/30/1975 12:00:00 AM",7.96,0.0121157220203934,201.779776770853
"7/31/1975 12:00:00 AM",8.2,-0.00944354827882026,199.874259707228
"8/31/1975 12:00:00 AM",8.22,0.00549476571468674,200.972521936715
"9/30/1975 12:00:00 AM",8.48,-0.0103550218960043,198.891447071565
"10/31/1975 12:00:00 AM",7.91,0.0457387438349274,207.98849202013
"11/30/1975 12:00:00 AM",8.14,-0.0088559024814393,206.146566217538
"12/31/1975 12:00:00 AM",7.76,0.0327359533917501,212.894970601104
"1/31/1976 12:00:00 AM",7.8,0.00373963588826114,213.691120273595
"2/29/1976 12:00:00 AM",7.77,0.00854798567285769,215.51774890811
"3/31/1976 12:00:00 AM",7.66,0.0140209182084676,218.539505638024
"4/30/1976 12:00:00 AM",7.67,0.00569764455349079,219.784666062045
"5/31/1976 12:00:00 AM",7.96,-0.0132403256572602,216.874645508911
"6/30/1976 12:00:00 AM",7.86,0.0134328796728931,219.787896526134
"7/31/1976 12:00:00 AM",7.86,0.00655,221.22750724838
"8/31/1976 12:00:00 AM",7.66,0.0202698512881227,225.711755921147
"9/30/1976 12:00:00 AM",7.55,0.0139661549471896,228.864081277744
"10/31/1976 12:00:00 AM",7.42,0.0153051349561056,232.366876928305
"11/30/1976 12:00:00 AM",7.01,0.0351364917535077,240.531433783285
"12/31/1976 12:00:00 AM",6.81,0.0200928913683197,245.364405752958
"1/31/1977 12:00:00 AM",7.4,-0.0352687329680109,236.710714046603
"2/28/1977 12:00:00 AM",7.45,0.00270457441598638,237.350915787803
"3/31/1977 12:00:00 AM",7.42,0.00828836447705013,239.318166686814
"4/30/1977 12:00:00 AM",7.45,0.00410607798292508,240.300825741961
"5/31/1977 12:00:00 AM",7.38,0.0110703951040436,242.961050826752
"6/30/1977 12:00:00 AM",7.2,0.0187533351577954,247.517380843196
"7/31/1977 12:00:00 AM",7.42,-0.009253561720589,245.226963482645
"8/31/1977 12:00:00 AM",7.28,0.0159509362941747,249.138563154771
"9/30/1977 12:00:00 AM",7.41,-0.00295081639522787,248.40340099793
"10/31/1977 12:00:00 AM",7.62,-0.00825640375693563,246.352482224695
"11/30/1977 12:00:00 AM",7.55,0.0111754319360905,249.105577622084
"12/31/1977 12:00:00 AM",7.78,-0.00940262010148998,246.763332510542
"1/31/1978 12:00:00 AM",7.94,-0.00435765166929032,245.688023862707
"2/28/1978 12:00:00 AM",8.04,-0.000129211391677811,245.656278171226
"3/31/1978 12:00:00 AM",8.15,-0.000684729719896344,245.488070016683
"4/30/1978 12:00:00 AM",8.24,0.000773381820790369,245.677926027254
"5/31/1978 12:00:00 AM",8.42,-0.00507566900726854,244.430946192348
"6/30/1978 12:00:00 AM",8.62,-0.00613768644762614,242.930705686523
"7/31/1978 12:00:00 AM",8.56,0.0111399340508731,245.636937726803
"8/31/1978 12:00:00 AM",8.39,0.0184269666643718,250.163281389833
"9/30/1978 12:00:00 AM",8.56,-0.00421870203302916,249.107917046044
"10/31/1978 12:00:00 AM",8.96,-0.01879146113827,244.426815303638
"11/30/1978 12:00:00 AM",8.86,0.0139758751285774,247.842893952398
"12/31/1978 12:00:00 AM",9.15,-0.011259246196194,245.05236979141
"1/31/1979 12:00:00 AM",8.95,0.0205929829237335,250.098729057945
"2/28/1979 12:00:00 AM",9.17,-0.00667218615930888,248.430023779464
"3/31/1979 12:00:00 AM",9.11,0.0115053796418402,251.288305517478
"4/30/1979 12:00:00 AM",9.35,-0.00770514331484739,249.352093110121
"5/31/1979 12:00:00 AM",9.06,0.02650643721433,255.961528710406
"6/30/1979 12:00:00 AM",8.81,0.0238582036737847,262.068310995032
"7/31/1979 12:00:00 AM",9.01,-0.00559285618686691,260.602600620502
"8/31/1979 12:00:00 AM",9.24,-0.00722023692079666,258.720988101846
"9/30/1979 12:00:00 AM",9.44,-0.00499847523472112,257.427777650117
"10/31/1979 12:00:00 AM",10.72,-0.0691447740184911,239.627992138417
"11/30/1979 12:00:00 AM",10.38,0.0296810690789578,246.740407126329
"12/31/1979 12:00:00 AM",10.33,0.0117075213888842,249.629125720263
"1/31/1980 12:00:00 AM",11.13,-0.0387158406200598,239.964524274752
"2/29/1980 12:00:00 AM",12.72,-0.0789285014347169,221.024483976251
"3/31/1980 12:00:00 AM",12.64,0.0150520486194275,224.351355255146
"4/30/1980 12:00:00 AM",10.76,0.123456479446549,252.048983734008
"5/31/1980 12:00:00 AM",10.25,0.0402579984649017,262.195971334252
"6/30/1980 12:00:00 AM",10.09,0.0184246972503872,267.026852726356
"7/31/1980 12:00:00 AM",10.76,-0.0318355538453126,258.525904978242
"8/31/1980 12:00:00 AM",11.55,-0.0369696098472415,248.968303135792
"9/30/1980 12:00:00 AM",11.86,-0.008175174393798,246.932943839128
"10/31/1980 12:00:00 AM",12.46,-0.0237474998835026,241.068903784076
"11/30/1980 12:00:00 AM",12.72,-0.00403988073775238,240.095014163207
"12/31/1980 12:00:00 AM",12.43,0.0268743992113179,246.547423422476
"1/31/1981 12:00:00 AM",12.68,-0.0035322030615689,245.676567858642
"2/28/1981 12:00:00 AM",13.43,-0.0298905290565459,238.33316526855
"3/31/1981 12:00:00 AM",13.13,0.0275661876497306,244.903102025498
"4/30/1981 12:00:00 AM",14.11,-0.0405448403719446,234.97354484728
"5/31/1981 12:00:00 AM",13.5,0.0445736132650263,245.447164762815
"6/30/1981 12:00:00 AM",13.86,-0.00784704438232307,243.521129967406
"7/31/1981 12:00:00 AM",14.67,-0.0301018647463252,236.190689850254
"8/31/1981 12:00:00 AM",15.41,-0.0247782311141546,230.338302350133
"9/30/1981 12:00:00 AM",15.84,-0.00831804230558861,228.422338606587
"10/31/1981 12:00:00 AM",14.63,0.075515579432952,245.671783861894
"11/30/1981 12:00:00 AM",13.13,0.0940642715819869,268.78072125911
"12/31/1981 12:00:00 AM",13.98,-0.0339396438164794,259.658399314839
"1/31/1982 12:00:00 AM",14.14,0.003253751173052,260.503263136203
"2/28/1982 12:00:00 AM",14.03,0.0175802945069124,265.082987222149
"3/31/1982 12:00:00 AM",14.18,0.00383229726198598,266.098864028279
"4/30/1982 12:00:00 AM",13.87,0.0282549727572495,273.617480182134
"5/31/1982 12:00:00 AM",13.71,0.0200954716574875,279.115952500127
"6/30/1982 12:00:00 AM",14.44,-0.0264441596032911,271.734965704389
"7/31/1982 12:00:00 AM",13.68,0.0526320819519355,286.036942688549
"8/31/1982 12:00:00 AM",12.81,0.0594902399218468,303.053349035602
"9/30/1982 12:00:00 AM",11.73,0.0730160500852315,325.181107547283
"10/31/1982 12:00:00 AM",10.71,0.0711689515088788,348.323906021919
"11/30/1982 12:00:00 AM",10.79,0.00412572764679368,349.760995591032
"12/31/1982 12:00:00 AM",10.36,0.0352533894359176,362.091256178097
"1/31/1983 12:00:00 AM",10.8,-0.0177517372260209,355.663507346584
"2/28/1983 12:00:00 AM",10.27,0.0414912120675149,370.420417354577
"3/31/1983 12:00:00 AM",10.62,-0.0125870927635637,365.757901199817
"4/30/1983 12:00:00 AM",10.27,0.0303064607993024,376.842728694565
"5/31/1983 12:00:00 AM",10.81,-0.0238099417365775,367.870125280494
"6/30/1983 12:00:00 AM",10.96,7.2709022606636E-05,367.896872757749
"7/31/1983 12:00:00 AM",11.76,-0.0369890585934061,354.288713774982
"8/31/1983 12:00:00 AM",11.98,-0.00277126927347252,353.306884348559
"9/30/1983 12:00:00 AM",11.44,0.0415240000250391,367.977599423096
"10/31/1983 12:00:00 AM",11.74,-0.00777660019720112,365.115984750856
"11/30/1983 12:00:00 AM",11.63,0.0161587307460914,371.015795639539
"12/31/1983 12:00:00 AM",11.82,-0.00123579815219664,370.557295004852
"1/31/1984 12:00:00 AM",11.67,0.0185295995950282,377.423573308309
"2/29/1984 12:00:00 AM",12.04,-0.0113664850901991,373.13359388961
"3/31/1984 12:00:00 AM",12.53,-0.0173552177521312,366.657779117021
"4/30/1984 12:00:00 AM",12.82,-0.00558206046255329,364.611073224924
"5/31/1984 12:00:00 AM",13.91,-0.0470264017251732,347.464726422002
"6/30/1984 12:00:00 AM",13.84,0.0153078606914612,352.783668049267
"7/31/1984 12:00:00 AM",12.91,0.0627369725100841,374.91624733368
"8/31/1984 12:00:00 AM",12.79,0.0173967322339025,381.438564898684
"9/30/1984 12:00:00 AM",12.47,0.0285876154168517,392.342983897163
"10/31/1984 12:00:00 AM",11.79,0.0495480495990091,411.782813523123
"11/30/1984 12:00:00 AM",11.58,0.0220209998664103,420.850682804706
"12/31/1984 12:00:00 AM",11.55,0.0113944155638193,425.6460303749
"1/31/1985 12:00:00 AM",11.17,0.0320670662483866,439.295249829295
"2/28/1985 12:00:00 AM",11.91,-0.0330965694162488,424.756084099091
"3/31/1985 12:00:00 AM",11.65,0.0249818726078133,435.367286481448
"4/30/1985 12:00:00 AM",11.41,0.0237435958334275,445.70447137076
"5/31/1985 12:00:00 AM",10.28,0.0787530482066153,480.805057090525
"6/30/1985 12:00:00 AM",10.25,0.0104073332430333,485.808955544602
"7/31/1985 12:00:00 AM",10.57,-0.0108315347856708,480.54689894343
"8/31/1985 12:00:00 AM",10.28,0.0265791008671845,493.31940344186
"9/30/1985 12:00:00 AM",10.31,0.00673061832380034,496.639748058152
"10/31/1985 12:00:00 AM",10.01,0.0271848320625482,510.140816204699
"11/30/1985 12:00:00 AM",9.59,0.0348387436466082,527.913481324126
"12/31/1985 12:00:00 AM",9,0.0461649337352877,552.28457220742
"1/31/1986 12:00:00 AM",9.08,0.00234174017333293,553.57787917727
"2/28/1986 12:00:00 AM",8.13,0.0713998275590725,593.103244291044
"3/31/1986 12:00:00 AM",7.39,0.0581510401067598,627.592814837262
"4/30/1986 12:00:00 AM",7.38,0.00685291358629188,631.893654164719
"5/31/1986 12:00:00 AM",8.05,-0.0390275304499058,607.232405335704
"6/30/1986 12:00:00 AM",7.35,0.0553940194581817,640.869449012508
"7/31/1986 12:00:00 AM",7.34,0.00682082006083779,645.24070420671
"8/31/1986 12:00:00 AM",6.95,0.0337318524437661,667.005868431723
"9/30/1986 12:00:00 AM",7.45,-0.0288292558401349,647.776585603833
"10/31/1986 12:00:00 AM",7.34,0.0138623540025502,656.756293948037
"11/30/1986 12:00:00 AM",7.15,0.0194499949225669,669.53020053069
"12/31/1986 12:00:00 AM",7.23,0.000364361524646741,669.774151575353
"1/31/1987 12:00:00 AM",7.18,0.00952906098189282,676.15647030981
"2/28/1987 12:00:00 AM",7.19,0.00528283469560164,679.728493170818
"3/31/1987 12:00:00 AM",7.51,-0.0161066822464148,668.780322317481
"4/30/1987 12:00:00 AM",8.21,-0.0406120456473284,641.619785339489
"5/31/1987 12:00:00 AM",8.49,-0.011678756584724,634.126464046566
"6/30/1987 12:00:00 AM",8.38,0.0143858329356195,643.248901418395
"7/31/1987 12:00:00 AM",8.66,-0.0114008366097025,635.915325793953
"8/31/1987 12:00:00 AM",9,-0.0147814872372847,626.515551521736
"9/30/1987 12:00:00 AM",9.63,-0.0321781393468705,606.355446801888
"10/31/1987 12:00:00 AM",8.88,0.0568019399605773,640.797612485898
"11/30/1987 12:00:00 AM",8.99,0.000279886006564405,640.976962770673
"12/31/1987 12:00:00 AM",8.83,0.017919901548435,652.463206838338
"1/31/1988 12:00:00 AM",8.26,0.0454408077708304,682.111661997819
"2/29/1988 12:00:00 AM",8.16,0.0135937821524456,691.38413933466
"3/31/1988 12:00:00 AM",8.57,-0.020225027912093,677.400875818638
"4/30/1988 12:00:00 AM",8.87,-0.0123775312934763,669.016325279964
"5/31/1988 12:00:00 AM",9.2,-0.0137768706215982,659.799373922845
"6/30/1988 12:00:00 AM",8.82,0.0324444269158235,681.206186489191
"7/31/1988 12:00:00 AM",9.12,-0.0119602724198722,673.058774924678
"8/31/1988 12:00:00 AM",9.25,-0.000721280623216022,672.573310672039
"9/30/1988 12:00:00 AM",8.87,0.0324326507495144,694.38664596051
"10/31/1988 12:00:00 AM",8.65,0.0218426363872954,709.553880980419
"11/30/1988 12:00:00 AM",9.06,-0.0192504801995702,695.894628044078
"12/31/1988 12:00:00 AM",9.14,0.00240501239043495,697.568263246961
"1/31/1989 12:00:00 AM",9.01,0.0160241065214635,708.746171403222
"2/28/1989 12:00:00 AM",9.32,-0.0122753913526688,700.046034779542
"3/31/1989 12:00:00 AM",9.3,0.00904412786750216,706.377340631226
"4/30/1989 12:00:00 AM",9.02,0.0258505422763547,724.637577938273
"5/31/1989 12:00:00 AM",8.6,0.0351647981793662,750.119312119657
"6/30/1989 12:00:00 AM",8.1,0.0408073101566154,780.729663543791
"7/31/1989 12:00:00 AM",7.82,0.025822364793856,800.889949721203
"8/31/1989 12:00:00 AM",8.26,-0.0228803311447344,782.565322461092
"9/30/1989 12:00:00 AM",8.31,0.00355005785730998,785.343474632953
"10/31/1989 12:00:00 AM",7.92,0.0333731875302756,811.552889687557
"11/30/1989 12:00:00 AM",7.84,0.0120444389255701,821.327588902269
"12/31/1989 12:00:00 AM",7.93,0.000432593235814735,821.682889661616
"1/31/1990 12:00:00 AM",8.43,-0.0265503688220694,799.866905886316
"2/28/1990 12:00:00 AM",8.51,0.00173805279032429,801.25711679398
"3/31/1990 12:00:00 AM",8.65,-0.00210440497373359,799.570947332159
"4/30/1990 12:00:00 AM",9.04,-0.0179814573355238,785.193496455982
"5/31/1990 12:00:00 AM",8.6,0.0364980425371137,813.851522089497
"6/30/1990 12:00:00 AM",8.43,0.0184406253995037,828.859453139166
"7/31/1990 12:00:00 AM",8.36,0.0116814094470471,838.54169978534
"8/31/1990 12:00:00 AM",8.86,-0.0255793756428865,817.092326654306
"9/30/1990 12:00:00 AM",8.82,0.00999151862271822,825.256319852553
"10/31/1990 12:00:00 AM",8.65,0.0185166584204859,840.53730923661
"11/30/1990 12:00:00 AM",8.26,0.0332647632116208,868.497583798898
"12/31/1990 12:00:00 AM",8.08,0.019004600680343,885.003033570839
"1/31/1991 12:00:00 AM",8.03,0.0101077548650215,893.948427288974
"2/28/1991 12:00:00 AM",8.02,0.00736684766758201,900.534009175486
"3/31/1991 12:00:00 AM",8.05,0.00466045883557627,904.730910855285
"4/30/1991 12:00:00 AM",8.02,0.00873387633607916,912.632718748123
"5/31/1991 12:00:00 AM",8.06,0.00398735178758121,916.271706450629
"6/30/1991 12:00:00 AM",8.24,-0.00531990302508593,911.397229827681
"7/31/1991 12:00:00 AM",8.2,0.00954614693535891,920.097561700095
"8/31/1991 12:00:00 AM",7.82,0.0327172569821382,950.200630074876
"9/30/1991 12:00:00 AM",7.47,0.0307297584888146,979.400065952997
"10/31/1991 12:00:00 AM",7.47,0.006225,985.496831363554
"11/30/1991 12:00:00 AM",7.38,0.0124762222766276,997.792108884558
"12/31/1991 12:00:00 AM",6.71,0.0541076987103563,1051.78034368765
"1/31/1992 12:00:00 AM",7.31,-0.0362134574507078,1013.69174096403
"2/29/1992 12:00:00 AM",7.27,0.00888365715957168,1022.69703085624
"3/31/1992 12:00:00 AM",7.54,-0.0125623142086088,1009.84958941442
"4/30/1992 12:00:00 AM",7.61,0.00147073191667093,1011.33480743661
"5/31/1992 12:00:00 AM",7.33,0.0258333213635033,1037.46094452321
"6/30/1992 12:00:00 AM",7.14,0.0194476350019152,1057.63710630104
"7/31/1992 12:00:00 AM",6.72,0.0359994480745885,1095.71145839108
"8/31/1992 12:00:00 AM",6.62,0.0127870775618268,1109.72240579491
"9/30/1992 12:00:00 AM",6.37,0.0236895392444155,1136.0112182774
"10/31/1992 12:00:00 AM",6.8,-0.0253456271179166,1107.21830153717
"11/30/1992 12:00:00 AM",6.95,-0.00495455863221776,1101.73252354354
"12/31/1992 12:00:00 AM",6.7,0.0236944232169201,1127.83744022823
"1/31/1993 12:00:00 AM",6.39,0.0280971847857535,1159.52649719461
"2/28/1993 12:00:00 AM",6.03,0.0319037774410202,1196.51977249807
"3/31/1993 12:00:00 AM",6.03,0.005025,1202.53228435487
"4/30/1993 12:00:00 AM",6.05,0.00354975503472116,1206.80097938568
"5/31/1993 12:00:00 AM",6.16,-0.00303140710958277,1203.14267431692
"6/30/1993 12:00:00 AM",5.8,0.0319947134754014,1241.63687945172
"7/31/1993 12:00:00 AM",5.83,0.00259797748720878,1244.86262411182
"8/31/1993 12:00:00 AM",5.45,0.033674927514238,1286.78328274397
"9/30/1993 12:00:00 AM",5.4,0.00834214356124918,1297.51781362083
"10/31/1993 12:00:00 AM",5.43,0.00222289113054868,1300.40205446046
"11/30/1993 12:00:00 AM",5.83,-0.0252797446149943,1267.52822262689
"12/31/1993 12:00:00 AM",5.83,0.00485833333333333,1273.68629724182
"1/31/1994 12:00:00 AM",5.7,0.0146031419670897,1292.28611906197
"2/28/1994 12:00:00 AM",6.15,-0.0282913237540634,1255.72563408471
"3/31/1994 12:00:00 AM",6.77,-0.0391336246301473,1206.58453848199
"4/30/1994 12:00:00 AM",7.06,-0.0147914764619913,1188.73737168163
"5/31/1994 12:00:00 AM",7.17,-0.00182905225582088,1186.56310891037
"6/30/1994 12:00:00 AM",7.34,-0.00585394103424414,1179.6170384374
"7/31/1994 12:00:00 AM",7.12,0.0215760207787684,1205.06848016972
"8/31/1994 12:00:00 AM",7.19,0.00102984286921191,1206.30951135093
"9/30/1994 12:00:00 AM",7.62,-0.0235583505499158,1177.89084901083
"10/31/1994 12:00:00 AM",7.81,-0.00659767713482259,1170.11950548899
"11/30/1994 12:00:00 AM",7.91,-0.000276241608466737,1169.7962697947
"12/31/1994 12:00:00 AM",7.84,0.0113555507265405,1183.07995067607
"1/31/1995 12:00:00 AM",7.6,0.0230410007121927,1210.33929666218
"2/28/1995 12:00:00 AM",7.22,0.0329165831570166,1250.17953076896
"3/31/1995 12:00:00 AM",7.2,0.00741703723975517,1259.45215890506
"4/30/1995 12:00:00 AM",7.07,0.0151555760563282,1278.53988188865
"5/31/1995 12:00:00 AM",6.3,0.0620429616727459,1357.86428277774
"6/30/1995 12:00:00 AM",6.21,0.0118401597140212,1373.9416127558
"7/31/1995 12:00:00 AM",6.45,-0.0122075684154731,1357.16912651922
"8/31/1995 12:00:00 AM",6.28,0.0177833548565064,1381.3041466964
"9/30/1995 12:00:00 AM",6.17,0.0133027153355093,1399.67924255166
"10/31/1995 12:00:00 AM",6.03,0.0154778578937301,1421.34327896468
"11/30/1995 12:00:00 AM",5.76,0.0252082327983771,1457.17283122723
"12/31/1995 12:00:00 AM",5.58,0.0183679141239309,1483.93805665494
"1/31/1996 12:00:00 AM",5.6,0.00314384947182462,1488.60333453057
"2/29/1996 12:00:00 AM",6.13,-0.0342843052232439,1437.56760345319
"3/31/1996 12:00:00 AM",6.34,-0.0101777558926796,1422.93639130602
"4/30/1996 12:00:00 AM",6.66,-0.0176736995492806,1397.78784104834
"5/31/1996 12:00:00 AM",6.85,-0.00796426504205167,1386.65548820967
"6/30/1996 12:00:00 AM",6.73,0.0142900105286342,1406.47080973578
"7/31/1996 12:00:00 AM",6.8,0.000618153724990419,1407.3402249059
"8/31/1996 12:00:00 AM",6.96,-0.00565754629971564,1399.37813242405
"9/30/1996 12:00:00 AM",6.72,0.0229711131854793,1431.52340589324
"10/31/1996 12:00:00 AM",6.37,0.0310420216088485,1475.96078639255
"11/30/1996 12:00:00 AM",6.06,0.0281641490622005,1517.52996599048
"12/31/1996 12:00:00 AM",6.43,-0.0217725085869632,1484.48953177498
"1/31/1997 12:00:00 AM",6.53,-0.00185813219089539,1481.73115398894
"2/28/1997 12:00:00 AM",6.56,0.00327967169183606,1486.59074570959
"3/31/1997 12:00:00 AM",6.92,-0.0200587043819985,1456.77166140438
"4/30/1997 12:00:00 AM",6.72,0.0200759276545659,1486.01770388796
"5/31/1997 12:00:00 AM",6.67,0.00918541349731723,1499.6673909625
"6/30/1997 12:00:00 AM",6.51,0.0171151656460673,1525.33444677283
"7/31/1997 12:00:00 AM",6.02,0.041618269847937,1588.81622738698
"8/31/1997 12:00:00 AM",6.34,-0.018276421677734,1559.77835204683
"9/30/1997 12:00:00 AM",6.12,0.0214590646873547,1593.24973660134
"10/31/1997 12:00:00 AM",5.84,0.0259537130874316,1634.60048314171
"11/30/1997 12:00:00 AM",5.86,0.00337848693684437,1640.12295952097
"12/31/1997 12:00:00 AM",5.75,0.0131099269289183,1661.62485167473
"1/31/1998 12:00:00 AM",5.53,0.0214131396536589,1697.20545667563
"2/28/1998 12:00:00 AM",5.62,-0.00216307284499539,1693.53427763992
"3/31/1998 12:00:00 AM",5.67,0.000930130432527837,1695.10948541008
"4/30/1998 12:00:00 AM",5.68,0.00397470629267063,1701.8470477485
"5/31/1998 12:00:00 AM",5.56,0.0137869936634956,1725.31040221205
"6/30/1998 12:00:00 AM",5.44,0.0137375381941925,1749.01191975928
"7/31/1998 12:00:00 AM",5.5,-6.10729699784818E-06,1749.00123802403
"8/31/1998 12:00:00 AM",5.05,0.0393508796994637,1817.82597533573
"9/30/1998 12:00:00 AM",4.44,0.0527127328588215,1913.64855035742
"10/31/1998 12:00:00 AM",4.64,-0.0120531873281109,1890.5829858998
"11/30/1998 12:00:00 AM",4.74,-0.00397283678534046,1883.07200826768
"12/31/1998 12:00:00 AM",4.65,0.0110355858857664,1903.852811144
"1/31/1999 12:00:00 AM",4.66,0.00308808447042656,1909.73206944407
"2/28/1999 12:00:00 AM",5.29,-0.0442484899293827,1825.22930920145
"3/31/1999 12:00:00 AM",5.25,0.00747002643511883,1838.86382039134
"4/30/1999 12:00:00 AM",5.36,-0.00400161938284817,1831.50538728525
"5/31/1999 12:00:00 AM",5.64,-0.016580446297735,1801.13821056735
"6/30/1999 12:00:00 AM",5.81,-0.00797869529654109,1786.76747759828
"7/31/1999 12:00:00 AM",5.92,-0.00332075783961546,1780.83405548947
"8/31/1999 12:00:00 AM",5.98,0.000493359805846737,1781.71264743333
"9/30/1999 12:00:00 AM",5.9,0.0109251047608272,1801.17804476023
"10/31/1999 12:00:00 AM",6.02,-0.00394699125527699,1794.06881076837
"11/30/1999 12:00:00 AM",6.18,-0.00671524999450335,1782.02119019672
"12/31/1999 12:00:00 AM",6.45,-0.0144053894674074,1756.35048091276
"1/31/2000 12:00:00 AM",6.68,-0.0111104417650517,1736.83665117556
"2/29/2000 12:00:00 AM",6.42,0.0244234912870278,1779.25626599254
"3/31/2000 12:00:00 AM",6.03,0.0341436755611053,1840.00661467865
"4/30/2000 12:00:00 AM",6.23,-0.00960642416999408,1822.33073066245
"5/31/2000 12:00:00 AM",6.29,0.000814244862564279,1823.81455409778
"6/30/2000 12:00:00 AM",6.03,0.0244374503740704,1868.38393175506
"7/31/2000 12:00:00 AM",6.04,0.00428703918575129,1876.39376688452
"8/31/2000 12:00:00 AM",5.73,0.0282387817662925,1929.3808409752
"9/30/2000 12:00:00 AM",5.8,-0.000448046138735365,1928.51638933925
"10/31/2000 12:00:00 AM",5.77,0.00707488044038183,1942.16041222114
"11/30/2000 12:00:00 AM",5.48,0.0267693349850591,1994.15075489061
"12/31/2000 12:00:00 AM",5.12,0.0322897232017952,2058.54133078868
"1/31/2001 12:00:00 AM",5.19,-0.00110632106989892,2056.26392314117
"2/28/2001 12:00:00 AM",4.92,0.0253131174245095,2108.31437328343
"3/31/2001 12:00:00 AM",4.93,0.00332302730993473,2115.32035952378
"4/30/2001 12:00:00 AM",5.35,-0.0278900101888871,2056.3240531439
"5/31/2001 12:00:00 AM",5.43,-0.00161395698520351,2053.00523457448
"6/30/2001 12:00:00 AM",5.42,0.00528438908024353,2063.85411301775
"7/31/2001 12:00:00 AM",5.07,0.0315327762060406,2128.93316288546
"8/31/2001 12:00:00 AM",4.85,0.021382791552515,2174.45569693667
"9/30/2001 12:00:00 AM",4.6,0.0237704191819734,2226.14342034549
"10/31/2001 12:00:00 AM",4.3,0.0278471923433974,2288.13526435584
"11/30/2001 12:00:00 AM",4.78,-0.0339754103901106,2210.39492972126
"12/31/2001 12:00:00 AM",5.07,-0.0184014431421479,2169.72047310031
"1/31/2002 12:00:00 AM",5.07,0.004225,2178.88754209915
"2/28/2002 12:00:00 AM",4.88,0.0190222027575838,2220.33478271094
"3/31/2002 12:00:00 AM",5.42,-0.0369403436664912,2138.31485278293
"4/30/2002 12:00:00 AM",5.11,0.0284004678906122,2199.04399509941
"5/31/2002 12:00:00 AM",5.08,0.00657291602686202,2213.49812661858
"6/30/2002 12:00:00 AM",4.86,0.0213830565928197,2260.82948232816
"7/31/2002 12:00:00 AM",4.51,0.0317881731874193,2332.69712145963
"8/31/2002 12:00:00 AM",4.14,0.033602202281593,2411.08088199661
"9/30/2002 12:00:00 AM",3.63,0.0456058686530832,2521.04032001291
"10/31/2002 12:00:00 AM",3.93,-0.0214171639210337,2467.04678622766
"11/30/2002 12:00:00 AM",4.22,-0.020027023944997,2417.63918116645
"12/31/2002 12:00:00 AM",3.83,0.0354444235133705,2503.33100820623
"1/31/2003 12:00:00 AM",4,-0.0106124989759384,2476.7644104452
"2/28/2003 12:00:00 AM",3.71,0.0272120022322623,2544.16212911103
"3/31/2003 12:00:00 AM",3.83,-0.00673225851693453,2527.03417194886
"4/30/2003 12:00:00 AM",3.89,-0.00170615851081594,2522.72265108926
"5/31/2003 12:00:00 AM",3.37,0.0467684937947358,2640.70658974257
"6/30/2003 12:00:00 AM",3.54,-0.0113048635007974,2610.85376219987
"7/31/2003 12:00:00 AM",4.49,-0.0724107220838549,2421.79995602363
"8/31/2003 12:00:00 AM",4.45,0.0069207742940244,2438.56068690455
"9/30/2003 12:00:00 AM",3.96,0.0435731450543998,2544.816445439
"10/31/2003 12:00:00 AM",4.33,-0.0262748496268022,2477.95177600728
"11/30/2003 12:00:00 AM",4.34,0.0028093931188763,2484.9133166757
"12/31/2003 12:00:00 AM",4.27,0.0092279088962038,2507.84387037695
"1/31/2004 12:00:00 AM",4.16,0.0124223667221433,2538.99722661665
"2/29/2004 12:00:00 AM",3.99,0.0172774462796993,2582.86461480382
"3/31/2004 12:00:00 AM",3.86,0.0139522541849255,2618.90139843482
"4/30/2004 12:00:00 AM",4.53,-0.0498318388870429,2488.39672588696
"5/31/2004 12:00:00 AM",4.66,-0.00645490188445527,2472.33436917176
"6/30/2004 12:00:00 AM",4.62,0.00703695022478077,2489.73206306664
"7/31/2004 12:00:00 AM",4.5,0.0133647384091567,2523.00668079841
"8/31/2004 12:00:00 AM",4.13,0.033608125640247,2607.80020631787
"9/30/2004 12:00:00 AM",4.14,0.0026350756140111,2614.67195704775
"10/31/2004 12:00:00 AM",4.05,0.0107406163526176,2642.75514542635
"11/30/2004 12:00:00 AM",4.36,-0.0213686081025947,2586.28314641262
"12/31/2004 12:00:00 AM",4.24,0.0132663628937417,2620.59371717889
"1/31/2005 12:00:00 AM",4.14,0.0115992438598899,2650.99062276215
"2/28/2005 12:00:00 AM",4.36,-0.0141099799437769,2613.58519824383
"3/31/2005 12:00:00 AM",4.5,-0.00746719481068307,2594.06904841423
"4/30/2005 12:00:00 AM",4.21,0.0270631366723593,2664.272693609
"5/31/2005 12:00:00 AM",4,0.0205605379506691,2719.05157343688
"6/30/2005 12:00:00 AM",3.94,0.00821942207564145,2741.40060596439
"7/31/2005 12:00:00 AM",4.28,-0.0239582967787567,2675.72131665723
"8/31/2005 12:00:00 AM",4.02,0.0246587099831561,2741.70115260043
"9/30/2005 12:00:00 AM",4.34,-0.0222160868626248,2680.7912816429
"10/31/2005 12:00:00 AM",4.57,-0.0145595625572895,2641.76013327479
"11/30/2005 12:00:00 AM",4.49,0.0101544994035527,2668.58588497246
"12/31/2005 12:00:00 AM",4.39,0.0117121056693835,2699.84064484508
"1/31/2006 12:00:00 AM",4.53,-0.00742642902117317,2679.79046992766
"2/28/2006 12:00:00 AM",4.55,0.00219296145173056,2685.66714712693
"3/31/2006 12:00:00 AM",4.86,-0.0203738524717007,2630.94976088327
"4/30/2006 12:00:00 AM",5.07,-0.0121596657236244,2598.95829125528
"5/31/2006 12:00:00 AM",5.12,0.000374575481232175,2599.93179730793
"6/30/2006 12:00:00 AM",5.15,0.00195965021891944,2605.0267542237
"7/31/2006 12:00:00 AM",4.99,0.0166882739744084,2648.50015440885
"8/31/2006 12:00:00 AM",4.74,0.023757091963351,2711.42081614209
"9/30/2006 12:00:00 AM",4.64,0.0118265936640555,2743.48768838686
"10/31/2006 12:00:00 AM",4.61,0.00623299776857909,2760.5878410267
"11/30/2006 12:00:00 AM",4.46,0.0157576663966638,2804.08826328428
"12/31/2006 12:00:00 AM",4.71,-0.0159098430188244,2759.4756592045
"1/31/2007 12:00:00 AM",4.83,-0.00544260618943056,2744.45691990213
"2/28/2007 12:00:00 AM",4.56,0.0253724130206111,2814.09041439117
"3/31/2007 12:00:00 AM",4.65,-0.00328558588576658,2804.84447864437
"4/30/2007 12:00:00 AM",4.63,0.00545106333415283,2820.13386353991
"5/31/2007 12:00:00 AM",4.9,-0.0171495138626339,2771.76993875265
"6/30/2007 12:00:00 AM",5.03,-0.0059700401919015,2755.22236081559
"7/31/2007 12:00:00 AM",4.78,0.0237535123559603,2820.66856920664
"8/31/2007 12:00:00 AM",4.54,0.0229767864142315,2885.47846846664
"9/30/2007 12:00:00 AM",4.59,-0.000164283781643265,2885.00443115199
"10/31/2007 12:00:00 AM",4.48,0.0125551159899869,2921.22599641673
"11/30/2007 12:00:00 AM",3.97,0.0452053971439003,3053.28117773183
"12/31/2007 12:00:00 AM",4.04,-0.00236486006426497,3046.06059500964
"1/31/2008 12:00:00 AM",3.67,0.0338913636121893,3149.29574221988
"2/29/2008 12:00:00 AM",3.53,0.0146865892269745,3195.54815514012
"3/31/2008 12:00:00 AM",3.45,0.00961217099501615,3226.26431043014
"4/30/2008 12:00:00 AM",3.77,-0.0233978472193536,3150.77667100544
"5/31/2008 12:00:00 AM",4.06,-0.0203390833523962,3086.69276166907
"6/30/2008 12:00:00 AM",3.99,0.00907012493869978,3114.68945066479
"7/31/2008 12:00:00 AM",3.99,0.003325,3125.04579308825
"8/31/2008 12:00:00 AM",3.83,0.0164235669114683,3176.37019177244
"9/30/2008 12:00:00 AM",3.85,0.00155591880129287,3181.31236587368
"10/31/2008 12:00:00 AM",4.01,-0.00977760195067715,3150.2067598794
"11/30/2008 12:00:00 AM",2.93,0.0957042029819183,3451.69478706191
"12/31/2008 12:00:00 AM",2.25,0.0625802393437704,3667.70267297789
"1/31/2009 12:00:00 AM",2.87,-0.0513041252282996,3479.53439574327
"2/28/2009 12:00:00 AM",3.02,-0.0103800793035639,3443.41655277597
"3/31/2009 12:00:00 AM",2.71,0.029316093562814,3544.3640746129
"4/30/2009 12:00:00 AM",3.16,-0.0357958867535615,3417.49041958466
"5/31/2009 12:00:00 AM",3.47,-0.02318983795143,3338.23937055393
"6/30/2009 12:00:00 AM",3.53,-0.0020918715734652,3331.25620250924
"7/31/2009 12:00:00 AM",3.52,0.00377265831025358,3343.82389390522
"8/31/2009 12:00:00 AM",3.4,0.0129633743841416,3387.17113491656
"9/30/2009 12:00:00 AM",3.31,0.0103888085149647,3422.35980724462
"10/31/2009 12:00:00 AM",3.41,-0.00559598114602431,3403.20834628837
"11/30/2009 12:00:00 AM",3.21,0.0197134962278671,3470.29748118557
"12/31/2009 12:00:00 AM",3.85,-0.0496689316919612,3297.93151264178
"1/31/2010 12:00:00 AM",3.63,0.0213932178503496,3368.48487994726
"2/28/2010 12:00:00 AM",3.61,0.00467976849214752,3384.24860935471
"3/31/2010 12:00:00 AM",3.84,-0.0158118087296883,3330.73751764988
"4/30/2010 12:00:00 AM",3.69,0.015562948120503,3382.57361284008
"5/31/2010 12:00:00 AM",3.31,0.0349758952113329,3500.88215306739
"6/30/2010 12:00:00 AM",2.97,0.0317785269251198,3612.13503083031
"7/31/2010 12:00:00 AM",2.94,0.00503936951674921,3630.33791399506
"8/31/2010 12:00:00 AM",2.47,0.0435654208258708,3788.49511295837
"9/30/2010 12:00:00 AM",2.53,-0.00317489797316566,3776.46702750289
"10/31/2010 12:00:00 AM",2.63,-0.00657077852669246,3751.65269905181
"11/30/2010 12:00:00 AM",2.81,-0.013292970185475,3701.78209157706
"12/31/2010 12:00:00 AM",3.3,-0.0388136970623488,3558.10224288376
"1/31/2011 12:00:00 AM",3.42,-0.00727031708441153,3532.23371135924
"2/28/2011 12:00:00 AM",3.42,0.00285,3542.30057743661
"3/31/2011 12:00:00 AM",3.47,-0.00131502762657478,3537.64235431565
"4/30/2011 12:00:00 AM",3.32,0.0154780074715505,3592.39800910742
"5/31/2011 12:00:00 AM",3.05,0.0257221207960693,3684.80210464524
"6/30/2011 12:00:00 AM",3.18,-0.00844106262516098,3653.69845931861
"7/31/2011 12:00:00 AM",2.82,0.0336040684134477,3776.47759230766
"8/31/2011 12:00:00 AM",2.23,0.0545809550506199,3982.60134602308
"9/30/2011 12:00:00 AM",1.92,0.029729363000999,4101.00154712726
"10/31/2011 12:00:00 AM",2.17,-0.0205979212847706,4016.52944007081
"11/30/2011 12:00:00 AM",2.08,0.00983550192164287,4056.03402309697
"12/31/2011 12:00:00 AM",1.89,0.0188412494971384,4132.45477209502
"1/31/2012 12:00:00 AM",1.83,0.00699376576221711,4161.35619279401
"2/29/2012 12:00:00 AM",1.98,-0.0119205763325239,4111.75042865099
"3/31/2012 12:00:00 AM",2.23,-0.0204817606146695,4027.53454066409
"4/30/2012 12:00:00 AM",1.95,0.0269944143919023,4136.25547703248
"5/31/2012 12:00:00 AM",1.59,0.0345321686618332,4279.0893487938
"6/30/2012 12:00:00 AM",1.67,-0.00595830980307812,4253.59320877863
"7/31/2012 12:00:00 AM",1.51,0.0160761999233305,4321.97482359548
"8/31/2012 12:00:00 AM",1.57,-0.004231725886818,4303.68541085229
"9/30/2012 12:00:00 AM",1.65,-0.00598230935480473,4277.93943335881
"10/31/2012 12:00:00 AM",1.72,-0.00498189531569428,4256.62718693494
"11/30/2012 12:00:00 AM",1.62,0.0105604103650289,4301.57891679991
"12/31/2012 12:00:00 AM",1.78,-0.0131363300857792,4245.0719562588
"1/31/2013 12:00:00 AM",2.02,-0.019986641941084,4160.22722305492
"2/28/2013 12:00:00 AM",1.89,0.0133887496559369,4215.92746385621
"3/31/2013 12:00:00 AM",1.87,0.00337763803759106,4230.16734082186
"4/30/2013 12:00:00 AM",1.7,0.0170120346706928,4302.13109428675
"5/31/2013 12:00:00 AM",2.16,-0.0394478480541603,4132.42128057025
"6/30/2013 12:00:00 AM",2.52,-0.0296149062925038,4010.04001158502
"7/31/2013 12:00:00 AM",2.6,-0.0048535697920281,3990.57700251996
"8/31/2013 12:00:00 AM",2.78,-0.0133408101589118,3937.33947230482
"9/30/2013 12:00:00 AM",2.64,0.0144614348582367,3994.27905059832
"10/31/2013 12:00:00 AM",2.57,0.00829338784198021,4027.40515591403
"11/30/2013 12:00:00 AM",2.75,-0.0133886982816528,3973.48344342353
"12/31/2013 12:00:00 AM",3.04,-0.0223762443918715,3884.57180680643
"1/31/2014 12:00:00 AM",2.67,0.0345828078608029,4018.91120722271
"2/28/2014 12:00:00 AM",2.66,0.00309162885663236,4031.3361890832
"3/31/2014 12:00:00 AM",2.73,-0.00382886408564151,4015.90075073167
"4/30/2014 12:00:00 AM",2.67,0.0074722120855357,4045.9084128556
"5/31/2014 12:00:00 AM",2.48,0.0188379083698265,4122.12486480968
"6/30/2014 12:00:00 AM",2.53,-0.00229435942208255,4112.66722878711
"7/31/2014 12:00:00 AM",2.58,-0.00224193878742445,4103.44688060712
"8/31/2014 12:00:00 AM",2.35,0.0223902558507713,4195.32410613396
"9/30/2014 12:00:00 AM",2.52,-0.0128764835270157,4141.30308439084
"10/31/2014 12:00:00 AM",2.35,0.0170601891070918,4211.95449816033
"11/30/2014 12:00:00 AM",2.18,0.0170454083312098,4283.74898245395
"12/31/2014 12:00:00 AM",2.17,0.00270458351805756,4295.33473934739
"1/31/2015 12:00:00 AM",1.68,0.0463961728980359,4494.62183256909
"2/28/2015 12:00:00 AM",2,-0.0272552446332193,4372.11981498861
"3/31/2015 12:00:00 AM",1.94,0.00705566442192836,4402.96802521563
"4/30/2015 12:00:00 AM",2.05,-0.00820901227704145,4366.82400664122
"5/31/2015 12:00:00 AM",2.12,-0.00452258230638034,4347.0746856537
"6/30/2015 12:00:00 AM",2.35,-0.0184735891841046,4266.76861375832
"7/31/2015 12:00:00 AM",2.2,0.0152572168446295,4331.86762772429
"8/31/2015 12:00:00 AM",2.21,0.000947182014043293,4335.97069482848
"9/30/2015 12:00:00 AM",2.06,0.0152336354410393,4402.02329167653
"10/31/2015 12:00:00 AM",2.16,-0.00716692349003482,4370.47432754373
"11/30/2015 12:00:00 AM",2.21,-0.00263075659645042,4358.97667337693
"12/31/2015 12:00:00 AM",2.27,-0.00345940753794823,4343.89719661531
"1/31/2016 12:00:00 AM",1.94,0.0315311543206054,4480.86528947463
"2/29/2016 12:00:00 AM",1.74,0.0197609836387352,4569.41159514732
"3/31/2016 12:00:00 AM",1.78,-0.00217158252144473,4559.48874079401
"4/30/2016 12:00:00 AM",1.83,-0.00303230480184763,4545.66298119133
"5/31/2016 12:00:00 AM",1.84,0.000622325007080261,4548.49186093828
"6/30/2016 12:00:00 AM",1.49,0.0336881993165187,4701.72236133913
"7/31/2016 12:00:00 AM",1.46,0.00400197756669848,4720.53854875406
"8/31/2016 12:00:00 AM",1.58,-0.00975791869177809,4674.47591741391
"9/30/2016 12:00:00 AM",1.6,-0.000510588503913022,4672.08918374866
"10/31/2016 12:00:00 AM",1.84,-0.0203308664967419,4577.10156229299
"11/30/2016 12:00:00 AM",2.37,-0.0450610283178255,4370.85265918095
"12/31/2016 12:00:00 AM",2.45,-0.00503029825445462,4348.86596667899
"1/31/2017 12:00:00 AM",2.45,0.00204166666666667,4357.74490136096
"2/28/2017 12:00:00 AM",2.36,0.00995784038506215,4401.13862952753
"3/31/2017 12:00:00 AM",2.4,-0.00154466480492844,4394.34034558489
"4/30/2017 12:00:00 AM",2.29,0.0117089872090694,4445.79362048364
"5/31/2017 12:00:00 AM",2.21,0.0089975438876541,4485.79484369939
"6/30/2017 12:00:00 AM",2.31,-0.00697592606086602,4454.50227054553
"7/31/2017 12:00:00 AM",2.3,0.00280719708210091,4467.00693632162
"8/31/2017 12:00:00 AM",2.12,0.0179390211687874,4547.14066831341
"9/30/2017 12:00:00 AM",2.33,-0.0167319095374843,4471.05832199698
"10/31/2017 12:00:00 AM",2.38,-0.00245184957396389,4460.09595955502
"11/30/2017 12:00:00 AM",2.42,-0.00152452152611738,4453.29644725613
"12/31/2017 12:00:00 AM",2.4,0.00377233240246422,4470.09576174189
"1/31/2018 12:00:00 AM",2.72,-0.0256503134949289,4355.43640410086
"2/28/2018 12:00:00 AM",2.87,-0.0105992507272768,4309.27204162709
"3/31/2018 12:00:00 AM",2.74,0.013613559197892,4367.9365716656
"4/30/2018 12:00:00 AM",2.95,-0.0156584639988338,4299.54139410898
"5/31/2018 12:00:00 AM",2.83,0.0127712912622849,4354.4520895474
"6/30/2018 12:00:00 AM",2.85,0.000641193528283828,4357.24413604644
"7/31/2018 12:00:00 AM",2.96,-0.00701848362906545,4326.66288940975
"8/31/2018 12:00:00 AM",2.86,0.0110481538343857,4374.46452660148
"9/30/2018 12:00:00 AM",3.05,-0.0137705047577277,4314.2259420254
"10/31/2018 12:00:00 AM",3.15,-0.0059189510299672,4288.69024994234
"11/30/2018 12:00:00 AM",3.01,0.0145511271158069,4351.09552692957
"12/31/2018 12:00:00 AM",2.69,0.0301995086652125,4482.49647399825
"1/31/2019 12:00:00 AM",2.63,0.00744913378268227,4515.88718991347
"2/28/2019 12:00:00 AM",2.73,-0.0064448058366308,4486.78317379435
"3/31/2019 12:00:00 AM",2.41,0.0303517404195223,4622.96485200403
"4/30/2019 12:00:00 AM",2.51,-0.00672234324458304,4591.88769546122
"5/31/2019 12:00:00 AM",2.14,0.0349937051587237,4752.57485959816
